<?xml version="1.0" encoding="UTF-8"?>
<testng-results skipped="0" failed="0" ignored="0" total="1" passed="1">
  <reporter-output>
  </reporter-output>
  <suite name="Default suite" duration-ms="4442" started-at="2023-03-31T21:30:48 IST" finished-at="2023-03-31T21:30:52 IST">
    <groups>
    </groups>
    <test name="Default test" duration-ms="4442" started-at="2023-03-31T21:30:48 IST" finished-at="2023-03-31T21:30:52 IST">
      <class name="reqres.CRUDOperations.CreateUserTest">
        <test-method status="PASS" signature="createUserTest()[pri:0, instance:reqres.CRUDOperations.CreateUserTest@37374a5e]" name="createUserTest" duration-ms="4358" started-at="2023-03-31T21:30:48 IST" finished-at="2023-03-31T21:30:52 IST">
          <reporter-output>
          </reporter-output>
        </test-method> <!-- createUserTest -->
      </class> <!-- reqres.CRUDOperations.CreateUserTest -->
    </test> <!-- Default test -->
  </suite> <!-- Default suite -->
</testng-results>
